Using pre-set license
Built from '2022.3/staging' branch; Version is '2022.3.4f1 (35713cd46cd7) revision 3502396'; Using compiler version '192829333'; Build Type 'Release'
OS: 'Windows 11  (10.0.22621) 64bit Education' Language: 'en' Physical Memory: 16309 MB
BatchMode: 1, IsHumanControllingUs: 0, StartBugReporterOnCrash: 0, Is64bit: 1, IsPro: 1

COMMAND LINE ARGUMENTS:
C:\Program Files\Unity\Hub\Editor\2022.3.4f1\Editor\Unity.exe
-adb2
-batchMode
-noUpm
-name
AssetImportWorker1
-projectPath
C:/Users/Student/Escarcha_Finals
-logFile
Logs/AssetImportWorker1.log
-srvPort
53252
Successfully changed project path to: C:/Users/Student/Escarcha_Finals
C:/Users/Student/Escarcha_Finals
[UnityMemory] Configuration Parameters - Can be set up in boot.config
    "memorysetup-bucket-allocator-granularity=16"
    "memorysetup-bucket-allocator-bucket-count=8"
    "memorysetup-bucket-allocator-block-size=33554432"
    "memorysetup-bucket-allocator-block-count=8"
    "memorysetup-main-allocator-block-size=16777216"
    "memorysetup-thread-allocator-block-size=16777216"
    "memorysetup-gfx-main-allocator-block-size=16777216"
    "memorysetup-gfx-thread-allocator-block-size=16777216"
    "memorysetup-cache-allocator-block-size=4194304"
    "memorysetup-typetree-allocator-block-size=2097152"
    "memorysetup-profiler-bucket-allocator-granularity=16"
    "memorysetup-profiler-bucket-allocator-bucket-count=8"
    "memorysetup-profiler-bucket-allocator-block-size=33554432"
    "memorysetup-profiler-bucket-allocator-block-count=8"
    "memorysetup-profiler-allocator-block-size=16777216"
    "memorysetup-profiler-editor-allocator-block-size=1048576"
    "memorysetup-temp-allocator-size-main=16777216"
    "memorysetup-job-temp-allocator-block-size=2097152"
    "memorysetup-job-temp-allocator-block-size-background=1048576"
    "memorysetup-job-temp-allocator-reduction-small-platforms=262144"
    "memorysetup-allocator-temp-initial-block-size-main=262144"
    "memorysetup-allocator-temp-initial-block-size-worker=262144"
    "memorysetup-temp-allocator-size-background-worker=32768"
    "memorysetup-temp-allocator-size-job-worker=262144"
    "memorysetup-temp-allocator-size-preload-manager=33554432"
    "memorysetup-temp-allocator-size-nav-mesh-worker=65536"
    "memorysetup-temp-allocator-size-audio-worker=65536"
    "memorysetup-temp-allocator-size-cloud-worker=32768"
    "memorysetup-temp-allocator-size-gi-baking-worker=262144"
    "memorysetup-temp-allocator-size-gfx=262144"
Player connection [6612] Host "[IP] 10.0.2.113 [Port] 0 [Flags] 2 [Guid] 3728256406 [EditorId] 3728256406 [Version] 1048832 [Id] WindowsEditor(7,ciit602pc11) [Debug] 1 [PackageName] WindowsEditor [ProjectName] Editor" joined multi-casting on [225.0.0.222:54997]...

Player connection [6612] Host "[IP] 10.0.2.113 [Port] 0 [Flags] 2 [Guid] 3728256406 [EditorId] 3728256406 [Version] 1048832 [Id] WindowsEditor(7,ciit602pc11) [Debug] 1 [PackageName] WindowsEditor [ProjectName] Editor" joined alternative multi-casting on [225.0.0.222:34997]...

Refreshing native plugins compatible for Editor in 7.25 ms, found 3 plugins.
Preloading 0 native plugins for Editor in 0.00 ms.
Initialize engine version: 2022.3.4f1 (35713cd46cd7)
[Subsystems] Discovering subsystems at path C:/Program Files/Unity/Hub/Editor/2022.3.4f1/Editor/Data/Resources/UnitySubsystems
[Subsystems] Discovering subsystems at path C:/Users/Student/Escarcha_Finals/Assets
GfxDevice: creating device client; threaded=0; jobified=0
Direct3D:
    Version:  Direct3D 11.0 [level 11.1]
    Renderer: NVIDIA GeForce RTX 3050 (ID=0x2507)
    Vendor:   NVIDIA
    VRAM:     8056 MB
    Driver:   31.0.15.3179
Initialize mono
Mono path[0] = 'C:/Program Files/Unity/Hub/Editor/2022.3.4f1/Editor/Data/Managed'
Mono path[1] = 'C:/Program Files/Unity/Hub/Editor/2022.3.4f1/Editor/Data/MonoBleedingEdge/lib/mono/unityjit-win32'
Mono config path = 'C:/Program Files/Unity/Hub/Editor/2022.3.4f1/Editor/Data/MonoBleedingEdge/etc'
Using monoOptions --debugger-agent=transport=dt_socket,embedding=1,server=y,suspend=n,address=127.0.0.1:56300
Begin MonoManager ReloadAssembly
Registering precompiled unity dll's ...
Register platform support module: C:/Program Files/Unity/Hub/Editor/2022.3.4f1/Editor/Data/PlaybackEngines/WebGLSupport/UnityEditor.WebGL.Extensions.dll
Register platform support module: C:/Program Files/Unity/Hub/Editor/2022.3.4f1/Editor/Data/PlaybackEngines/WindowsStandaloneSupport/UnityEditor.WindowsStandalone.Extensions.dll
Registered in 0.005551 seconds.
- Loaded All Assemblies, in  0.231 seconds
Native extension for WindowsStandalone target not found
Native extension for WebGL target not found
Mono: successfully reloaded assembly
- Finished resetting the current domain, in  0.187 seconds
Domain Reload Profiling: 418ms
	BeginReloadAssembly (64ms)
		ExecutionOrderSort (0ms)
		DisableScriptedObjects (0ms)
		BackupInstance (0ms)
		ReleaseScriptingObjects (0ms)
		CreateAndSetChildDomain (1ms)
	RebuildCommonClasses (23ms)
	RebuildNativeTypeToScriptingClass (7ms)
	initialDomainReloadingComplete (42ms)
	LoadAllAssembliesAndSetupDomain (94ms)
		LoadAssemblies (62ms)
		RebuildTransferFunctionScriptingTraits (0ms)
		AnalyzeDomain (90ms)
			TypeCache.Refresh (90ms)
				TypeCache.ScanAssembly (82ms)
			ScanForSourceGeneratedMonoScriptInfo (0ms)
			ResolveRequiredComponents (0ms)
	FinalizeReload (188ms)
		ReleaseScriptCaches (0ms)
		RebuildScriptCaches (0ms)
		SetupLoadedEditorAssemblies (147ms)
			LogAssemblyErrors (0ms)
			InitializePlatformSupportModulesInManaged (7ms)
			SetLoadedEditorAssemblies (4ms)
			RefreshPlugins (0ms)
			BeforeProcessingInitializeOnLoad (1ms)
			ProcessInitializeOnLoadAttributes (101ms)
			ProcessInitializeOnLoadMethodAttributes (34ms)
			AfterProcessingInitializeOnLoad (0ms)
			EditorAssembliesLoaded (0ms)
		ExecutionOrderSort2 (0ms)
		AwakeInstancesAfterBackupRestoration (0ms)
========================================================================
Worker process is ready to serve import requests
Begin MonoManager ReloadAssembly
Symbol file LoadedFromMemory doesn't match image C:\Users\Student\Escarcha_Finals\Library\PackageCache\com.unity.visualscripting@1.8.0\Editor\VisualScripting.Core\Dependencies\YamlDotNet\Unity.VisualScripting.YamlDotNet.dll
Symbol file LoadedFromMemory doesn't match image C:\Users\Student\Escarcha_Finals\Library\PackageCache\com.unity.visualscripting@1.8.0\Editor\VisualScripting.Core\Dependencies\DotNetZip\Unity.VisualScripting.IonicZip.dll
- Loaded All Assemblies, in  0.520 seconds
Refreshing native plugins compatible for Editor in 2.32 ms, found 3 plugins.
Native extension for WindowsStandalone target not found
Native extension for WebGL target not found
Mono: successfully reloaded assembly
- Finished resetting the current domain, in  0.365 seconds
Domain Reload Profiling: 884ms
	BeginReloadAssembly (95ms)
		ExecutionOrderSort (0ms)
		DisableScriptedObjects (4ms)
		BackupInstance (0ms)
		ReleaseScriptingObjects (0ms)
		CreateAndSetChildDomain (19ms)
	RebuildCommonClasses (24ms)
	RebuildNativeTypeToScriptingClass (8ms)
	initialDomainReloadingComplete (32ms)
	LoadAllAssembliesAndSetupDomain (361ms)
		LoadAssemblies (190ms)
		RebuildTransferFunctionScriptingTraits (0ms)
		AnalyzeDomain (213ms)
			TypeCache.Refresh (200ms)
				TypeCache.ScanAssembly (189ms)
			ScanForSourceGeneratedMonoScriptInfo (11ms)
			ResolveRequiredComponents (3ms)
	FinalizeReload (365ms)
		ReleaseScriptCaches (0ms)
		RebuildScriptCaches (0ms)
		SetupLoadedEditorAssemblies (259ms)
			LogAssemblyErrors (0ms)
			InitializePlatformSupportModulesInManaged (6ms)
			SetLoadedEditorAssemblies (3ms)
			RefreshPlugins (0ms)
			BeforeProcessingInitializeOnLoad (47ms)
			ProcessInitializeOnLoadAttributes (184ms)
			ProcessInitializeOnLoadMethodAttributes (14ms)
			AfterProcessingInitializeOnLoad (5ms)
			EditorAssembliesLoaded (0ms)
		ExecutionOrderSort2 (0ms)
		AwakeInstancesAfterBackupRestoration (5ms)
Launched and connected shader compiler UnityShaderCompiler.exe after 0.04 seconds
Refreshing native plugins compatible for Editor in 2.76 ms, found 3 plugins.
Preloading 0 native plugins for Editor in 0.00 ms.
Unloading 3065 Unused Serialized files (Serialized files now loaded: 0)
Unloading 31 unused Assets / (56.2 KB). Loaded Objects now: 3529.
Memory consumption went from 115.5 MB to 115.5 MB.
Total: 3.393700 ms (FindLiveObjects: 0.206400 ms CreateObjectMapping: 0.070700 ms MarkObjects: 3.022400 ms  DeleteObjects: 0.093300 ms)

AssetImportParameters requested are different than current active one (requested -> active):
  custom:container-demuxer-ogg: 62fdf1f143b41e24485cea50d1cbac27 -> 
  custom:video-codec-MediaFoundation-h265: 746d11721c4dcdbdad8f713fa42b33f4 -> 
  custom:video-decoder-ogg-theora: a1e56fd34408186e4bbccfd4996cb3dc -> 
  custom:framework-win-MediaFoundation: 216162199b28c13a410421893ffa2e32 -> 
  custom:CustomObjectIndexerAttribute: 756ad292c208cfabdd7b50bc23989ffe -> 
  custom:container-demuxer-webm: 4f35f7cbe854078d1ac9338744f61a02 -> 
  custom:container-muxer-webm: aa71ff27fc2769a1b78a27578f13a17b -> 
  custom:video-decoder-webm-vp8: 9c59270c3fd7afecdb556c50c9e8de78 -> 
  custom:AudioImporter_EditorPlatform: d09bf68614088b80899f8185d706f6e7 -> 
  custom:video-encoder-webm-vp8: eb34c28f22e8b96e1ab97ce403110664 -> 
  custom:audio-decoder-ogg-vorbis: bf7c407c2cedff20999df2af8eb42d56 -> 
  custom:audio-encoder-webm-vorbis: bf7c407c2cedff20999df2af8eb42d56 -> 
========================================================================
Received Import Request.
  Time since last request: 16687.195210 seconds.
  path: Assets/VanillaArt_MeadevilPack_FREE/Models/fences_horizontal_part_03.fbx
  artifactKey: Guid(1b39412ee519873478ef05bcd2117f7b) Importer(815301076,1909f56bfc062723c751e8b465ee728b)
Start importing Assets/VanillaArt_MeadevilPack_FREE/Models/fences_horizontal_part_03.fbx using Guid(1b39412ee519873478ef05bcd2117f7b) Importer(815301076,1909f56bfc062723c751e8b465ee728b)  -> (artifact id: 'f6d1fd2b45af8b9818ba248682c9fc7d') in 0.324147 seconds
Number of updated asset objects reloaded before import = 0
Number of asset objects unloaded after import = 7
========================================================================
Received Import Request.
  Time since last request: 0.000025 seconds.
  path: Assets/VanillaArt_MeadevilPack_FREE/Models/fences_horizontal_part_02.fbx
  artifactKey: Guid(a9566b2d61cbb724bb315bc9a8737c0e) Importer(815301076,1909f56bfc062723c751e8b465ee728b)
Start importing Assets/VanillaArt_MeadevilPack_FREE/Models/fences_horizontal_part_02.fbx using Guid(a9566b2d61cbb724bb315bc9a8737c0e) Importer(815301076,1909f56bfc062723c751e8b465ee728b)  -> (artifact id: '9f0e9dcd65815c78301b6dfa902f2f20') in 0.015333 seconds
Number of updated asset objects reloaded before import = 0
Number of asset objects unloaded after import = 7
========================================================================
Received Import Request.
  Time since last request: 0.000013 seconds.
  path: Assets/VanillaArt_MeadevilPack_FREE/Models/fences_horizontal_part_01.fbx
  artifactKey: Guid(5fc6609b30586114bb281ca5ffdc0822) Importer(815301076,1909f56bfc062723c751e8b465ee728b)
Start importing Assets/VanillaArt_MeadevilPack_FREE/Models/fences_horizontal_part_01.fbx using Guid(5fc6609b30586114bb281ca5ffdc0822) Importer(815301076,1909f56bfc062723c751e8b465ee728b)  -> (artifact id: '10ce9c764e820a75da1f4de7b3fdcdfa') in 0.015116 seconds
Number of updated asset objects reloaded before import = 0
Number of asset objects unloaded after import = 7
========================================================================
Received Import Request.
  Time since last request: 0.000016 seconds.
  path: Assets/VanillaArt_MeadevilPack_FREE/Models/fences_horizontal_part_04.fbx
  artifactKey: Guid(40ec9cfcdc5c1924b8046ce9b97525b6) Importer(815301076,1909f56bfc062723c751e8b465ee728b)
Start importing Assets/VanillaArt_MeadevilPack_FREE/Models/fences_horizontal_part_04.fbx using Guid(40ec9cfcdc5c1924b8046ce9b97525b6) Importer(815301076,1909f56bfc062723c751e8b465ee728b)  -> (artifact id: '4a302dbe0fd5fdbd34d9b94324c24e99') in 0.027387 seconds
Number of updated asset objects reloaded before import = 0
Number of asset objects unloaded after import = 7
========================================================================
Received Import Request.
  Time since last request: 0.000016 seconds.
  path: Assets/VanillaArt_MeadevilPack_FREE/Models/landscape_03.fbx
  artifactKey: Guid(7be2942267ca8df44adb41be8fb8a144) Importer(815301076,1909f56bfc062723c751e8b465ee728b)
Start importing Assets/VanillaArt_MeadevilPack_FREE/Models/landscape_03.fbx using Guid(7be2942267ca8df44adb41be8fb8a144) Importer(815301076,1909f56bfc062723c751e8b465ee728b)  -> (artifact id: '58d80b8bc24156e4fcd1a96407c380f4') in 0.017437 seconds
Number of updated asset objects reloaded before import = 0
Number of asset objects unloaded after import = 7
========================================================================
Received Import Request.
  Time since last request: 0.000017 seconds.
  path: Assets/VanillaArt_MeadevilPack_FREE/Models/trailway_03_closed_02.fbx
  artifactKey: Guid(2a4ae4adc3f7e854dadae8e0a617db25) Importer(815301076,1909f56bfc062723c751e8b465ee728b)
Start importing Assets/VanillaArt_MeadevilPack_FREE/Models/trailway_03_closed_02.fbx using Guid(2a4ae4adc3f7e854dadae8e0a617db25) Importer(815301076,1909f56bfc062723c751e8b465ee728b)  -> (artifact id: '8014069d2559b4ac9de7c2306d18a16b') in 0.032253 seconds
Number of updated asset objects reloaded before import = 0
Number of asset objects unloaded after import = 8
========================================================================
Received Import Request.
  Time since last request: 0.000016 seconds.
  path: Assets/VanillaArt_MeadevilPack_FREE/Models/plank_02.fbx
  artifactKey: Guid(178f729d6b023a240b3eb84dd71d4f80) Importer(815301076,1909f56bfc062723c751e8b465ee728b)
Start importing Assets/VanillaArt_MeadevilPack_FREE/Models/plank_02.fbx using Guid(178f729d6b023a240b3eb84dd71d4f80) Importer(815301076,1909f56bfc062723c751e8b465ee728b)  -> (artifact id: 'de4bb57556ec6c8abf5d4f89c893e617') in 0.015289 seconds
Number of updated asset objects reloaded before import = 0
Number of asset objects unloaded after import = 8
========================================================================
Received Import Request.
  Time since last request: 0.000014 seconds.
  path: Assets/VanillaArt_MeadevilPack_FREE/Models/trailway_02.fbx
  artifactKey: Guid(8a6603d42d59edf4e806b69843e5ffcd) Importer(815301076,1909f56bfc062723c751e8b465ee728b)
Start importing Assets/VanillaArt_MeadevilPack_FREE/Models/trailway_02.fbx using Guid(8a6603d42d59edf4e806b69843e5ffcd) Importer(815301076,1909f56bfc062723c751e8b465ee728b)  -> (artifact id: '209139ce844b1ff990fccd618aa99efa') in 0.015324 seconds
Number of updated asset objects reloaded before import = 0
Number of asset objects unloaded after import = 8
========================================================================
Received Import Request.
  Time since last request: 0.000015 seconds.
  path: Assets/VanillaArt_MeadevilPack_FREE/Models/stone_03.fbx
  artifactKey: Guid(e45f2c7fcfef0374c86999dfd88d6de3) Importer(815301076,1909f56bfc062723c751e8b465ee728b)
Start importing Assets/VanillaArt_MeadevilPack_FREE/Models/stone_03.fbx using Guid(e45f2c7fcfef0374c86999dfd88d6de3) Importer(815301076,1909f56bfc062723c751e8b465ee728b)  -> (artifact id: 'c5a202ac6c1dc1cbe2e3f905bf2df608') in 0.011470 seconds
Number of updated asset objects reloaded before import = 0
Number of asset objects unloaded after import = 7
========================================================================
Received Import Request.
  Time since last request: 0.000013 seconds.
  path: Assets/VanillaArt_MeadevilPack_FREE/Models/little_stone_03.fbx
  artifactKey: Guid(22cf88aae79b9f84f8103204f74c393f) Importer(815301076,1909f56bfc062723c751e8b465ee728b)
Start importing Assets/VanillaArt_MeadevilPack_FREE/Models/little_stone_03.fbx using Guid(22cf88aae79b9f84f8103204f74c393f) Importer(815301076,1909f56bfc062723c751e8b465ee728b)  -> (artifact id: '50a30e08a3364d88b35772e934e728d7') in 0.012013 seconds
Number of updated asset objects reloaded before import = 0
Number of asset objects unloaded after import = 7
========================================================================
Received Import Request.
  Time since last request: 0.000016 seconds.
  path: Assets/VanillaArt_MeadevilPack_FREE
  artifactKey: Guid(4b5020fc584c6144aab4d431888e9dad) Importer(815301076,1909f56bfc062723c751e8b465ee728b)
Start importing Assets/VanillaArt_MeadevilPack_FREE using Guid(4b5020fc584c6144aab4d431888e9dad) Importer(815301076,1909f56bfc062723c751e8b465ee728b)  -> (artifact id: 'caa4512e49b3106b9d7ede82861ea06f') in 0.000279 seconds
Number of updated asset objects reloaded before import = 0
Number of asset objects unloaded after import = 0
========================================================================
Received Import Request.
  Time since last request: 0.000049 seconds.
  path: Assets/VanillaArt_MeadevilPack_FREE/Models/little_stone_01.fbx
  artifactKey: Guid(140170d8881f72c4ea261cbe63d34eac) Importer(815301076,1909f56bfc062723c751e8b465ee728b)
Start importing Assets/VanillaArt_MeadevilPack_FREE/Models/little_stone_01.fbx using Guid(140170d8881f72c4ea261cbe63d34eac) Importer(815301076,1909f56bfc062723c751e8b465ee728b)  -> (artifact id: '81fa01c0b6098c22f2979f3e529f88c7') in 0.011841 seconds
Number of updated asset objects reloaded before import = 0
Number of asset objects unloaded after import = 7
========================================================================
Received Import Request.
  Time since last request: 0.000015 seconds.
  path: Assets/VanillaArt_MeadevilPack_FREE/Models/plank_01.fbx
  artifactKey: Guid(585c7545a6e77d040aa928e478e0832a) Importer(815301076,1909f56bfc062723c751e8b465ee728b)
Start importing Assets/VanillaArt_MeadevilPack_FREE/Models/plank_01.fbx using Guid(585c7545a6e77d040aa928e478e0832a) Importer(815301076,1909f56bfc062723c751e8b465ee728b)  -> (artifact id: 'c6c38729b9ed625cc917ed102a615a41') in 0.015912 seconds
Number of updated asset objects reloaded before import = 0
Number of asset objects unloaded after import = 8
========================================================================
Received Import Request.
  Time since last request: 0.000013 seconds.
  path: Assets/VanillaArt_MeadevilPack_FREE/Models/landscape_02.fbx
  artifactKey: Guid(244287f48d76b2141845948c8bcd9d22) Importer(815301076,1909f56bfc062723c751e8b465ee728b)
Start importing Assets/VanillaArt_MeadevilPack_FREE/Models/landscape_02.fbx using Guid(244287f48d76b2141845948c8bcd9d22) Importer(815301076,1909f56bfc062723c751e8b465ee728b)  -> (artifact id: 'ef90e45af5473b47e4f725f309457fa5') in 0.012164 seconds
Number of updated asset objects reloaded before import = 0
Number of asset objects unloaded after import = 7
========================================================================
Received Import Request.
  Time since last request: 0.000015 seconds.
  path: Assets/VanillaArt_MeadevilPack_FREE/Models/house_01.fbx
  artifactKey: Guid(9dc4b88754cb6534e8e22097b7e84e48) Importer(815301076,1909f56bfc062723c751e8b465ee728b)
Start importing Assets/VanillaArt_MeadevilPack_FREE/Models/house_01.fbx using Guid(9dc4b88754cb6534e8e22097b7e84e48) Importer(815301076,1909f56bfc062723c751e8b465ee728b)  -> (artifact id: 'ca735ad8bf5aabc0104607fe17c48cee') in 0.097937 seconds
Number of updated asset objects reloaded before import = 0
Number of asset objects unloaded after import = 127
========================================================================
Received Import Request.
  Time since last request: 0.000015 seconds.
  path: Assets/VanillaArt_MeadevilPack_FREE/Models/fences_vertical_part_01.fbx
  artifactKey: Guid(42cc7c328a14b6841ba09e11b9afb363) Importer(815301076,1909f56bfc062723c751e8b465ee728b)
Start importing Assets/VanillaArt_MeadevilPack_FREE/Models/fences_vertical_part_01.fbx using Guid(42cc7c328a14b6841ba09e11b9afb363) Importer(815301076,1909f56bfc062723c751e8b465ee728b)  -> (artifact id: '9be23063ae21ac1799c9728a22b1b51d') in 0.011630 seconds
Number of updated asset objects reloaded before import = 0
Number of asset objects unloaded after import = 7
========================================================================
Received Import Request.
  Time since last request: 0.000020 seconds.
  path: Assets/VanillaArt_MeadevilPack_FREE/Models/plank_05.fbx
  artifactKey: Guid(5fb7981100db6c343ac02566e0581e77) Importer(815301076,1909f56bfc062723c751e8b465ee728b)
Start importing Assets/VanillaArt_MeadevilPack_FREE/Models/plank_05.fbx using Guid(5fb7981100db6c343ac02566e0581e77) Importer(815301076,1909f56bfc062723c751e8b465ee728b)  -> (artifact id: '02525091d3a4803a2663db8ba0b2ad38') in 0.014315 seconds
Number of updated asset objects reloaded before import = 0
Number of asset objects unloaded after import = 8
========================================================================
Received Import Request.
  Time since last request: 0.000012 seconds.
  path: Assets/VanillaArt_MeadevilPack_FREE/Models/tree_01.fbx
  artifactKey: Guid(10de62937a6b85e43a7a810ac2ae0411) Importer(815301076,1909f56bfc062723c751e8b465ee728b)
Start importing Assets/VanillaArt_MeadevilPack_FREE/Models/tree_01.fbx using Guid(10de62937a6b85e43a7a810ac2ae0411) Importer(815301076,1909f56bfc062723c751e8b465ee728b)  -> (artifact id: '0d8bd990a14db5cbeda769e9ffe2f33b') in 0.023301 seconds
Number of updated asset objects reloaded before import = 0
Number of asset objects unloaded after import = 14
========================================================================
Received Import Request.
  Time since last request: 0.000016 seconds.
  path: Assets/VanillaArt_MeadevilPack_FREE/Models/tree_03.fbx
  artifactKey: Guid(5a3dc97596c6de04bbc7e26c2828b97e) Importer(815301076,1909f56bfc062723c751e8b465ee728b)
Start importing Assets/VanillaArt_MeadevilPack_FREE/Models/tree_03.fbx using Guid(5a3dc97596c6de04bbc7e26c2828b97e) Importer(815301076,1909f56bfc062723c751e8b465ee728b)  -> (artifact id: '976ba38f2986a7366cce31589e8fa388') in 0.020558 seconds
Number of updated asset objects reloaded before import = 0
Number of asset objects unloaded after import = 14
========================================================================
Received Import Request.
  Time since last request: 0.000019 seconds.
  path: Assets/VanillaArt_MeadevilPack_FREE/Models/cart_01.fbx
  artifactKey: Guid(2f70be416e73fa2488391e9750218495) Importer(815301076,1909f56bfc062723c751e8b465ee728b)
Start importing Assets/VanillaArt_MeadevilPack_FREE/Models/cart_01.fbx using Guid(2f70be416e73fa2488391e9750218495) Importer(815301076,1909f56bfc062723c751e8b465ee728b)  -> (artifact id: 'fb8c034b3d705419a84c628dfe5e78bd') in 0.033892 seconds
Number of updated asset objects reloaded before import = 0
Number of asset objects unloaded after import = 34
========================================================================
Received Import Request.
  Time since last request: 0.005286 seconds.
  path: Assets/VanillaArt_MeadevilPack_FREE/Models/landscape_01.fbx
  artifactKey: Guid(261ff3dd765c6b44c99b090fa252965d) Importer(815301076,1909f56bfc062723c751e8b465ee728b)
Start importing Assets/VanillaArt_MeadevilPack_FREE/Models/landscape_01.fbx using Guid(261ff3dd765c6b44c99b090fa252965d) Importer(815301076,1909f56bfc062723c751e8b465ee728b)  -> (artifact id: '276c27bce646fe682e2d8c50a449f1d0') in 0.013732 seconds
Number of updated asset objects reloaded before import = 0
Number of asset objects unloaded after import = 7
========================================================================
Received Import Request.
  Time since last request: 0.000013 seconds.
  path: Assets/VanillaArt_MeadevilPack_FREE/Models/grass_01.fbx
  artifactKey: Guid(f08f45e86bad1fe4593d90d9fcbc6033) Importer(815301076,1909f56bfc062723c751e8b465ee728b)
Start importing Assets/VanillaArt_MeadevilPack_FREE/Models/grass_01.fbx using Guid(f08f45e86bad1fe4593d90d9fcbc6033) Importer(815301076,1909f56bfc062723c751e8b465ee728b)  -> (artifact id: '80c88fe20406afb542027310032fb12a') in 0.012928 seconds
Number of updated asset objects reloaded before import = 0
Number of asset objects unloaded after import = 7
========================================================================
Received Import Request.
  Time since last request: 0.000016 seconds.
  path: Assets/VanillaArt_MeadevilPack_FREE/Models/stone_02.fbx
  artifactKey: Guid(4306e1fc031fc3d49b084307e88d6e42) Importer(815301076,1909f56bfc062723c751e8b465ee728b)
Start importing Assets/VanillaArt_MeadevilPack_FREE/Models/stone_02.fbx using Guid(4306e1fc031fc3d49b084307e88d6e42) Importer(815301076,1909f56bfc062723c751e8b465ee728b)  -> (artifact id: '46545d034927a881704f4838812a1bdd') in 0.013104 seconds
Number of updated asset objects reloaded before import = 0
Number of asset objects unloaded after import = 7
========================================================================
Received Import Request.
  Time since last request: 0.000012 seconds.
  path: Assets/VanillaArt_MeadevilPack_FREE/Models/plank_04.fbx
  artifactKey: Guid(06bf7876729e20146b434d1a43fe9197) Importer(815301076,1909f56bfc062723c751e8b465ee728b)
Start importing Assets/VanillaArt_MeadevilPack_FREE/Models/plank_04.fbx using Guid(06bf7876729e20146b434d1a43fe9197) Importer(815301076,1909f56bfc062723c751e8b465ee728b)  -> (artifact id: 'd98bd3380fb5eac0b5c260049c1449e6') in 0.016072 seconds
Number of updated asset objects reloaded before import = 0
Number of asset objects unloaded after import = 8
Editor requested this worker to shutdown with reason: Scaling down because of idle timeout
TcpMessagingSession - receive error: operation aborted. errorcode: 995, details: The I/O operation has been aborted because of either a thread exit or an application request.
AssetImportWorker is now disconnected from the server
Process exiting
Exiting without the bug reporter. Application will terminate with return code 0