Using pre-set license
Built from '2022.3/staging' branch; Version is '2022.3.4f1 (35713cd46cd7) revision 3502396'; Using compiler version '192829333'; Build Type 'Release'
OS: 'Windows 11  (10.0.22621) 64bit Education' Language: 'en' Physical Memory: 16309 MB
BatchMode: 1, IsHumanControllingUs: 0, StartBugReporterOnCrash: 0, Is64bit: 1, IsPro: 1

COMMAND LINE ARGUMENTS:
C:\Program Files\Unity\Hub\Editor\2022.3.4f1\Editor\Unity.exe
-adb2
-batchMode
-noUpm
-name
AssetImportWorker3
-projectPath
C:/Users/Student/Escarcha_Finals
-logFile
Logs/AssetImportWorker3.log
-srvPort
53252
Successfully changed project path to: C:/Users/Student/Escarcha_Finals
C:/Users/Student/Escarcha_Finals
[UnityMemory] Configuration Parameters - Can be set up in boot.config
    "memorysetup-bucket-allocator-granularity=16"
    "memorysetup-bucket-allocator-bucket-count=8"
    "memorysetup-bucket-allocator-block-size=33554432"
    "memorysetup-bucket-allocator-block-count=8"
    "memorysetup-main-allocator-block-size=16777216"
    "memorysetup-thread-allocator-block-size=16777216"
    "memorysetup-gfx-main-allocator-block-size=16777216"
    "memorysetup-gfx-thread-allocator-block-size=16777216"
    "memorysetup-cache-allocator-block-size=4194304"
    "memorysetup-typetree-allocator-block-size=2097152"
    "memorysetup-profiler-bucket-allocator-granularity=16"
    "memorysetup-profiler-bucket-allocator-bucket-count=8"
    "memorysetup-profiler-bucket-allocator-block-size=33554432"
    "memorysetup-profiler-bucket-allocator-block-count=8"
    "memorysetup-profiler-allocator-block-size=16777216"
    "memorysetup-profiler-editor-allocator-block-size=1048576"
    "memorysetup-temp-allocator-size-main=16777216"
    "memorysetup-job-temp-allocator-block-size=2097152"
    "memorysetup-job-temp-allocator-block-size-background=1048576"
    "memorysetup-job-temp-allocator-reduction-small-platforms=262144"
    "memorysetup-allocator-temp-initial-block-size-main=262144"
    "memorysetup-allocator-temp-initial-block-size-worker=262144"
    "memorysetup-temp-allocator-size-background-worker=32768"
    "memorysetup-temp-allocator-size-job-worker=262144"
    "memorysetup-temp-allocator-size-preload-manager=33554432"
    "memorysetup-temp-allocator-size-nav-mesh-worker=65536"
    "memorysetup-temp-allocator-size-audio-worker=65536"
    "memorysetup-temp-allocator-size-cloud-worker=32768"
    "memorysetup-temp-allocator-size-gi-baking-worker=262144"
    "memorysetup-temp-allocator-size-gfx=262144"
Player connection [13740] Host "[IP] 10.0.2.113 [Port] 0 [Flags] 2 [Guid] 1883277169 [EditorId] 1883277169 [Version] 1048832 [Id] WindowsEditor(7,ciit602pc11) [Debug] 1 [PackageName] WindowsEditor [ProjectName] Editor" joined multi-casting on [225.0.0.222:54997]...

Player connection [13740] Host "[IP] 10.0.2.113 [Port] 0 [Flags] 2 [Guid] 1883277169 [EditorId] 1883277169 [Version] 1048832 [Id] WindowsEditor(7,ciit602pc11) [Debug] 1 [PackageName] WindowsEditor [ProjectName] Editor" joined alternative multi-casting on [225.0.0.222:34997]...

Refreshing native plugins compatible for Editor in 10.24 ms, found 3 plugins.
Preloading 0 native plugins for Editor in 0.00 ms.
Initialize engine version: 2022.3.4f1 (35713cd46cd7)
[Subsystems] Discovering subsystems at path C:/Program Files/Unity/Hub/Editor/2022.3.4f1/Editor/Data/Resources/UnitySubsystems
[Subsystems] Discovering subsystems at path C:/Users/Student/Escarcha_Finals/Assets
GfxDevice: creating device client; threaded=0; jobified=0
Direct3D:
    Version:  Direct3D 11.0 [level 11.1]
    Renderer: NVIDIA GeForce RTX 3050 (ID=0x2507)
    Vendor:   NVIDIA
    VRAM:     8056 MB
    Driver:   31.0.15.3179
Initialize mono
Mono path[0] = 'C:/Program Files/Unity/Hub/Editor/2022.3.4f1/Editor/Data/Managed'
Mono path[1] = 'C:/Program Files/Unity/Hub/Editor/2022.3.4f1/Editor/Data/MonoBleedingEdge/lib/mono/unityjit-win32'
Mono config path = 'C:/Program Files/Unity/Hub/Editor/2022.3.4f1/Editor/Data/MonoBleedingEdge/etc'
Using monoOptions --debugger-agent=transport=dt_socket,embedding=1,server=y,suspend=n,address=127.0.0.1:56444
Begin MonoManager ReloadAssembly
Registering precompiled unity dll's ...
Register platform support module: C:/Program Files/Unity/Hub/Editor/2022.3.4f1/Editor/Data/PlaybackEngines/WebGLSupport/UnityEditor.WebGL.Extensions.dll
Register platform support module: C:/Program Files/Unity/Hub/Editor/2022.3.4f1/Editor/Data/PlaybackEngines/WindowsStandaloneSupport/UnityEditor.WindowsStandalone.Extensions.dll
Registered in 0.005827 seconds.
- Loaded All Assemblies, in  0.283 seconds
Native extension for WindowsStandalone target not found
Native extension for WebGL target not found
Mono: successfully reloaded assembly
- Finished resetting the current domain, in  0.210 seconds
Domain Reload Profiling: 493ms
	BeginReloadAssembly (71ms)
		ExecutionOrderSort (0ms)
		DisableScriptedObjects (0ms)
		BackupInstance (0ms)
		ReleaseScriptingObjects (0ms)
		CreateAndSetChildDomain (1ms)
	RebuildCommonClasses (29ms)
	RebuildNativeTypeToScriptingClass (11ms)
	initialDomainReloadingComplete (51ms)
	LoadAllAssembliesAndSetupDomain (120ms)
		LoadAssemblies (68ms)
		RebuildTransferFunctionScriptingTraits (0ms)
		AnalyzeDomain (114ms)
			TypeCache.Refresh (113ms)
				TypeCache.ScanAssembly (104ms)
			ScanForSourceGeneratedMonoScriptInfo (0ms)
			ResolveRequiredComponents (0ms)
	FinalizeReload (211ms)
		ReleaseScriptCaches (0ms)
		RebuildScriptCaches (0ms)
		SetupLoadedEditorAssemblies (163ms)
			LogAssemblyErrors (0ms)
			InitializePlatformSupportModulesInManaged (10ms)
			SetLoadedEditorAssemblies (4ms)
			RefreshPlugins (0ms)
			BeforeProcessingInitializeOnLoad (2ms)
			ProcessInitializeOnLoadAttributes (110ms)
			ProcessInitializeOnLoadMethodAttributes (37ms)
			AfterProcessingInitializeOnLoad (0ms)
			EditorAssembliesLoaded (0ms)
		ExecutionOrderSort2 (0ms)
		AwakeInstancesAfterBackupRestoration (0ms)
========================================================================
Worker process is ready to serve import requests
Begin MonoManager ReloadAssembly
Symbol file LoadedFromMemory doesn't match image C:\Users\Student\Escarcha_Finals\Library\PackageCache\com.unity.visualscripting@1.8.0\Editor\VisualScripting.Core\Dependencies\YamlDotNet\Unity.VisualScripting.YamlDotNet.dll
Symbol file LoadedFromMemory doesn't match image C:\Users\Student\Escarcha_Finals\Library\PackageCache\com.unity.visualscripting@1.8.0\Editor\VisualScripting.Core\Dependencies\DotNetZip\Unity.VisualScripting.IonicZip.dll
- Loaded All Assemblies, in  0.515 seconds
Refreshing native plugins compatible for Editor in 2.74 ms, found 3 plugins.
Native extension for WindowsStandalone target not found
Native extension for WebGL target not found
Mono: successfully reloaded assembly
- Finished resetting the current domain, in  0.382 seconds
Domain Reload Profiling: 896ms
	BeginReloadAssembly (91ms)
		ExecutionOrderSort (0ms)
		DisableScriptedObjects (5ms)
		BackupInstance (0ms)
		ReleaseScriptingObjects (0ms)
		CreateAndSetChildDomain (17ms)
	RebuildCommonClasses (22ms)
	RebuildNativeTypeToScriptingClass (7ms)
	initialDomainReloadingComplete (30ms)
	LoadAllAssembliesAndSetupDomain (363ms)
		LoadAssemblies (182ms)
		RebuildTransferFunctionScriptingTraits (0ms)
		AnalyzeDomain (220ms)
			TypeCache.Refresh (199ms)
				TypeCache.ScanAssembly (190ms)
			ScanForSourceGeneratedMonoScriptInfo (15ms)
			ResolveRequiredComponents (6ms)
	FinalizeReload (382ms)
		ReleaseScriptCaches (0ms)
		RebuildScriptCaches (0ms)
		SetupLoadedEditorAssemblies (281ms)
			LogAssemblyErrors (0ms)
			InitializePlatformSupportModulesInManaged (5ms)
			SetLoadedEditorAssemblies (2ms)
			RefreshPlugins (0ms)
			BeforeProcessingInitializeOnLoad (50ms)
			ProcessInitializeOnLoadAttributes (174ms)
			ProcessInitializeOnLoadMethodAttributes (45ms)
			AfterProcessingInitializeOnLoad (5ms)
			EditorAssembliesLoaded (0ms)
		ExecutionOrderSort2 (0ms)
		AwakeInstancesAfterBackupRestoration (4ms)
Launched and connected shader compiler UnityShaderCompiler.exe after 0.03 seconds
Refreshing native plugins compatible for Editor in 4.66 ms, found 3 plugins.
Preloading 0 native plugins for Editor in 0.00 ms.
Unloading 4958 Unused Serialized files (Serialized files now loaded: 0)
Unloading 69 unused Assets / (0.7 MB). Loaded Objects now: 5413.
Memory consumption went from 184.2 MB to 183.4 MB.
Total: 3.127700 ms (FindLiveObjects: 0.325900 ms CreateObjectMapping: 0.136400 ms MarkObjects: 2.316000 ms  DeleteObjects: 0.348700 ms)

AssetImportParameters requested are different than current active one (requested -> active):
  custom:container-demuxer-ogg: 62fdf1f143b41e24485cea50d1cbac27 -> 
  custom:video-codec-MediaFoundation-h265: 746d11721c4dcdbdad8f713fa42b33f4 -> 
  custom:video-decoder-ogg-theora: a1e56fd34408186e4bbccfd4996cb3dc -> 
  custom:framework-win-MediaFoundation: 216162199b28c13a410421893ffa2e32 -> 
  custom:CustomObjectIndexerAttribute: a3ef5dd2817f97addfee359851a9dba5 -> 
  custom:container-demuxer-webm: 4f35f7cbe854078d1ac9338744f61a02 -> 
  custom:container-muxer-webm: aa71ff27fc2769a1b78a27578f13a17b -> 
  custom:video-decoder-webm-vp8: 9c59270c3fd7afecdb556c50c9e8de78 -> 
  custom:AudioImporter_EditorPlatform: d09bf68614088b80899f8185d706f6e7 -> 
  custom:video-encoder-webm-vp8: eb34c28f22e8b96e1ab97ce403110664 -> 
  custom:audio-decoder-ogg-vorbis: bf7c407c2cedff20999df2af8eb42d56 -> 
  custom:audio-encoder-webm-vorbis: bf7c407c2cedff20999df2af8eb42d56 -> 
========================================================================
Received Prepare
Refreshing native plugins compatible for Editor in 2.72 ms, found 3 plugins.
Preloading 0 native plugins for Editor in 0.00 ms.
Unloading 5 Unused Serialized files (Serialized files now loaded: 0)
Unloading 6 unused Assets / (0.7 MB). Loaded Objects now: 5413.
Memory consumption went from 89.5 MB to 88.8 MB.
Total: 2.867400 ms (FindLiveObjects: 0.326700 ms CreateObjectMapping: 0.108000 ms MarkObjects: 2.184500 ms  DeleteObjects: 0.247800 ms)

Prepare: number of updated asset objects reloaded= 0
AssetImportParameters requested are different than current active one (requested -> active):
  custom:container-demuxer-ogg: 62fdf1f143b41e24485cea50d1cbac27 -> 
  custom:video-codec-MediaFoundation-h265: 746d11721c4dcdbdad8f713fa42b33f4 -> 
  custom:video-decoder-ogg-theora: a1e56fd34408186e4bbccfd4996cb3dc -> 
  custom:framework-win-MediaFoundation: 216162199b28c13a410421893ffa2e32 -> 
  custom:CustomObjectIndexerAttribute: a3ef5dd2817f97addfee359851a9dba5 -> 
  custom:container-demuxer-webm: 4f35f7cbe854078d1ac9338744f61a02 -> 
  custom:container-muxer-webm: aa71ff27fc2769a1b78a27578f13a17b -> 
  custom:video-decoder-webm-vp8: 9c59270c3fd7afecdb556c50c9e8de78 -> 
  custom:SearchIndexIgnoredProperties: e643bd26f0fe6173181afceb89e7c659 -> 
  custom:AudioImporter_EditorPlatform: d09bf68614088b80899f8185d706f6e7 -> 
  custom:video-encoder-webm-vp8: eb34c28f22e8b96e1ab97ce403110664 -> 
  custom:audio-decoder-ogg-vorbis: bf7c407c2cedff20999df2af8eb42d56 -> 
  custom:audio-encoder-webm-vorbis: bf7c407c2cedff20999df2af8eb42d56 -> 
========================================================================
Received Import Request.
  Time since last request: 17480.494106 seconds.
  path: Assets/VanillaArt_MeadevilPack_FREE/Materials/barrel_01_metal.mat
  artifactKey: Guid(538267a94aa5b00488fb25df219252fc) Importer(2089858483,0ecaa5967403d082aa24f35e1b516d23)
Start importing Assets/VanillaArt_MeadevilPack_FREE/Materials/barrel_01_metal.mat using Guid(538267a94aa5b00488fb25df219252fc) Importer(2089858483,0ecaa5967403d082aa24f35e1b516d23) Generated GUIDs only implemented for interfaces!
 -> (artifact id: '6b83493ed8578aff3d8ddef93a3788ad') in 0.152662 seconds
Number of updated asset objects reloaded before import = 0
Number of asset objects unloaded after import = 2
========================================================================
Received Prepare
Switching render pipeline 00000000000000000000000000000000 -> 8c240329e8bf8384ca7282e1989ed50e
Refreshing native plugins compatible for Editor in 2.96 ms, found 3 plugins.
Preloading 0 native plugins for Editor in 0.00 ms.
Unloading 55 Unused Serialized files (Serialized files now loaded: 0)
Unloading 6 unused Assets / (0.7 MB). Loaded Objects now: 5463.
Memory consumption went from 96.1 MB to 95.4 MB.
Total: 3.174600 ms (FindLiveObjects: 0.348000 ms CreateObjectMapping: 0.131900 ms MarkObjects: 2.394700 ms  DeleteObjects: 0.299500 ms)

Prepare: number of updated asset objects reloaded= 0
AssetImportParameters requested are different than current active one (requested -> active):
  custom:container-demuxer-ogg: 62fdf1f143b41e24485cea50d1cbac27 -> 
  custom:video-codec-MediaFoundation-h265: 746d11721c4dcdbdad8f713fa42b33f4 -> 
  custom:video-decoder-ogg-theora: a1e56fd34408186e4bbccfd4996cb3dc -> 
  custom:framework-win-MediaFoundation: 216162199b28c13a410421893ffa2e32 -> 
  custom:CustomObjectIndexerAttribute: a3ef5dd2817f97addfee359851a9dba5 -> 
  custom:container-demuxer-webm: 4f35f7cbe854078d1ac9338744f61a02 -> 
  custom:container-muxer-webm: aa71ff27fc2769a1b78a27578f13a17b -> 
  custom:video-decoder-webm-vp8: 9c59270c3fd7afecdb556c50c9e8de78 -> 
  custom:SearchIndexIgnoredProperties: e643bd26f0fe6173181afceb89e7c659 -> 
  custom:AudioImporter_EditorPlatform: d09bf68614088b80899f8185d706f6e7 -> 
  custom:video-encoder-webm-vp8: eb34c28f22e8b96e1ab97ce403110664 -> 
  custom:audio-decoder-ogg-vorbis: bf7c407c2cedff20999df2af8eb42d56 -> 
  custom:audio-encoder-webm-vorbis: bf7c407c2cedff20999df2af8eb42d56 -> 
========================================================================
Received Import Request.
  Time since last request: 14.556444 seconds.
  path: Assets/UniversalRenderPipelineGlobalSettings.asset
  artifactKey: Guid(dee6af240fd0f984582c05b054109fb8) Importer(815301076,1909f56bfc062723c751e8b465ee728b)
Start importing Assets/UniversalRenderPipelineGlobalSettings.asset using Guid(dee6af240fd0f984582c05b054109fb8) Importer(815301076,1909f56bfc062723c751e8b465ee728b)  -> (artifact id: '6e6135b335bed8887c7666cc1656d5ef') in 0.045559 seconds
Number of updated asset objects reloaded before import = 0
Number of asset objects unloaded after import = 1
========================================================================
Received Import Request.
  Time since last request: 0.808184 seconds.
  path: Assets/VanillaArt_MeadevilPack_FREE/Materials/Podium.mat
  artifactKey: Guid(d901ff455a2cf4a789bbb9906e84b5ec) Importer(2089858483,0ecaa5967403d082aa24f35e1b516d23)
Start importing Assets/VanillaArt_MeadevilPack_FREE/Materials/Podium.mat using Guid(d901ff455a2cf4a789bbb9906e84b5ec) Importer(2089858483,0ecaa5967403d082aa24f35e1b516d23) Generated GUIDs only implemented for interfaces!
 -> (artifact id: '39e10d95aecbca106d2cd3a1156c6136') in 0.008349 seconds
Number of updated asset objects reloaded before import = 0
Number of asset objects unloaded after import = 1
========================================================================
Received Import Request.
  Time since last request: 0.000013 seconds.
  path: Assets/VanillaArt_MeadevilPack_FREE/Materials/barre_01l_wood.mat
  artifactKey: Guid(21336316c1953c841ac00b019570ff43) Importer(2089858483,0ecaa5967403d082aa24f35e1b516d23)
Start importing Assets/VanillaArt_MeadevilPack_FREE/Materials/barre_01l_wood.mat using Guid(21336316c1953c841ac00b019570ff43) Importer(2089858483,0ecaa5967403d082aa24f35e1b516d23) Generated GUIDs only implemented for interfaces!
 -> (artifact id: 'f4df9bff4101dccf8fc3da6566a86314') in 0.009486 seconds
Number of updated asset objects reloaded before import = 0
Number of asset objects unloaded after import = 2
========================================================================
Received Import Request.
  Time since last request: 0.000062 seconds.
  path: Assets/VanillaArt_MeadevilPack_FREE/Materials/landscape.mat
  artifactKey: Guid(2442ce0cd8f6a534c842e7c4c8b4e935) Importer(2089858483,0ecaa5967403d082aa24f35e1b516d23)
Start importing Assets/VanillaArt_MeadevilPack_FREE/Materials/landscape.mat using Guid(2442ce0cd8f6a534c842e7c4c8b4e935) Importer(2089858483,0ecaa5967403d082aa24f35e1b516d23) Generated GUIDs only implemented for interfaces!
 -> (artifact id: '274824ac600b24942598c1acc4a8fd7f') in 0.007905 seconds
Number of updated asset objects reloaded before import = 0
Number of asset objects unloaded after import = 1
========================================================================
Received Import Request.
  Time since last request: 0.000013 seconds.
  path: Assets/VanillaArt_MeadevilPack_FREE/Materials/house_01_logs.mat
  artifactKey: Guid(6b73aea3458bd7a4ab497c4b8aca7c5b) Importer(2089858483,0ecaa5967403d082aa24f35e1b516d23)
Start importing Assets/VanillaArt_MeadevilPack_FREE/Materials/house_01_logs.mat using Guid(6b73aea3458bd7a4ab497c4b8aca7c5b) Importer(2089858483,0ecaa5967403d082aa24f35e1b516d23) Generated GUIDs only implemented for interfaces!
 -> (artifact id: '713ec75f0f4d235e5f790e24113a819c') in 0.015142 seconds
Number of updated asset objects reloaded before import = 0
Number of asset objects unloaded after import = 2
========================================================================
Received Import Request.
  Time since last request: 0.000015 seconds.
  path: Assets/VanillaArt_MeadevilPack_FREE/Materials/LeafAndGrass.mat
  artifactKey: Guid(2e1f4f8b4e5215f4890a4e42d3914941) Importer(2089858483,0ecaa5967403d082aa24f35e1b516d23)
Start importing Assets/VanillaArt_MeadevilPack_FREE/Materials/LeafAndGrass.mat using Guid(2e1f4f8b4e5215f4890a4e42d3914941) Importer(2089858483,0ecaa5967403d082aa24f35e1b516d23) Generated GUIDs only implemented for interfaces!
 -> (artifact id: 'ae70950794cd0f8c348da321b869c63d') in 0.016828 seconds
Number of updated asset objects reloaded before import = 0
Number of asset objects unloaded after import = 1
========================================================================
Received Import Request.
  Time since last request: 0.000018 seconds.
  path: Assets/VanillaArt_MeadevilPack_FREE/Materials/cart_01_main.mat
  artifactKey: Guid(df8452c07a7a78e408a012dd3ec5bcfb) Importer(2089858483,0ecaa5967403d082aa24f35e1b516d23)
Start importing Assets/VanillaArt_MeadevilPack_FREE/Materials/cart_01_main.mat using Guid(df8452c07a7a78e408a012dd3ec5bcfb) Importer(2089858483,0ecaa5967403d082aa24f35e1b516d23) Generated GUIDs only implemented for interfaces!
 -> (artifact id: '4d813597a5dfdaeea00348e6ed84cc2c') in 0.013937 seconds
Number of updated asset objects reloaded before import = 0
Number of asset objects unloaded after import = 2
========================================================================
Received Import Request.
  Time since last request: 642.576771 seconds.
  path: Assets/WizardPolyArt/Animations/Attack02Maintain.fbx
  artifactKey: Guid(772ab72bc9a5db54bbf0865469eecc37) Importer(2089858483,0ecaa5967403d082aa24f35e1b516d23)
Start importing Assets/WizardPolyArt/Animations/Attack02Maintain.fbx using Guid(772ab72bc9a5db54bbf0865469eecc37) Importer(2089858483,0ecaa5967403d082aa24f35e1b516d23) Generated GUIDs only implemented for interfaces!
 -> (artifact id: 'e2a48324ee3a46f369360aded6ae01c9') in 0.054489 seconds
Number of updated asset objects reloaded before import = 0
Number of asset objects unloaded after import = 143
========================================================================
Received Import Request.
  Time since last request: 0.000014 seconds.
  path: Assets/WizardPolyArt/Animations/JumpAirAttack.fbx
  artifactKey: Guid(0ea920bff0bc70345a1ac988ac997e73) Importer(2089858483,0ecaa5967403d082aa24f35e1b516d23)
Start importing Assets/WizardPolyArt/Animations/JumpAirAttack.fbx using Guid(0ea920bff0bc70345a1ac988ac997e73) Importer(2089858483,0ecaa5967403d082aa24f35e1b516d23) Generated GUIDs only implemented for interfaces!
 -> (artifact id: '6447fdacde7a79159104eb686edc5620') in 0.035067 seconds
Number of updated asset objects reloaded before import = 0
Number of asset objects unloaded after import = 143
========================================================================
Received Import Request.
  Time since last request: 0.000017 seconds.
  path: Assets/WizardPolyArt/Animations/JumpAir.fbx
  artifactKey: Guid(4c2b27c0e8327b840ab5f916209ba36a) Importer(2089858483,0ecaa5967403d082aa24f35e1b516d23)
Start importing Assets/WizardPolyArt/Animations/JumpAir.fbx using Guid(4c2b27c0e8327b840ab5f916209ba36a) Importer(2089858483,0ecaa5967403d082aa24f35e1b516d23) Generated GUIDs only implemented for interfaces!
 -> (artifact id: 'c62def43cd0dbd06706ec64472f5144a') in 0.039352 seconds
Number of updated asset objects reloaded before import = 0
Number of asset objects unloaded after import = 143
========================================================================
Received Import Request.
  Time since last request: 0.000014 seconds.
  path: Assets/WizardPolyArt/Animations/Idle01.fbx
  artifactKey: Guid(c24d7c58cefa37a4a84ebd75f98bcfc7) Importer(2089858483,0ecaa5967403d082aa24f35e1b516d23)
Start importing Assets/WizardPolyArt/Animations/Idle01.fbx using Guid(c24d7c58cefa37a4a84ebd75f98bcfc7) Importer(2089858483,0ecaa5967403d082aa24f35e1b516d23) Generated GUIDs only implemented for interfaces!
 -> (artifact id: 'd72749fe77216cb1f9b20b4eab408552') in 0.035558 seconds
Number of updated asset objects reloaded before import = 0
Number of asset objects unloaded after import = 143
========================================================================
Received Import Request.
  Time since last request: 0.000020 seconds.
  path: Assets/WizardPolyArt/Animations/JumpEnd.fbx
  artifactKey: Guid(a89727a6c7e9e224f9079feba5ba3ace) Importer(2089858483,0ecaa5967403d082aa24f35e1b516d23)
Start importing Assets/WizardPolyArt/Animations/JumpEnd.fbx using Guid(a89727a6c7e9e224f9079feba5ba3ace) Importer(2089858483,0ecaa5967403d082aa24f35e1b516d23) Generated GUIDs only implemented for interfaces!
 -> (artifact id: '3799d8bddb7ce22fb8a74e031684c242') in 0.035312 seconds
Number of updated asset objects reloaded before import = 0
Number of asset objects unloaded after import = 143
========================================================================
Received Import Request.
  Time since last request: 0.000023 seconds.
  path: Assets/WizardPolyArt/Textures/ForPBRMaskTintShader
  artifactKey: Guid(26c3828e39e3e9e41a2b22bcb4dc7520) Importer(2089858483,0ecaa5967403d082aa24f35e1b516d23)
Start importing Assets/WizardPolyArt/Textures/ForPBRMaskTintShader using Guid(26c3828e39e3e9e41a2b22bcb4dc7520) Importer(2089858483,0ecaa5967403d082aa24f35e1b516d23) Generated GUIDs only implemented for interfaces!
 -> (artifact id: 'a9455065c5267c19d21faf938ac9d058') in 0.007647 seconds
Number of updated asset objects reloaded before import = 0
Number of asset objects unloaded after import = 1
========================================================================
Received Import Request.
  Time since last request: 0.000013 seconds.
  path: Assets/WizardPolyArt/Animations
  artifactKey: Guid(193950663e37d184da99c9e8c1bbff55) Importer(2089858483,0ecaa5967403d082aa24f35e1b516d23)
Start importing Assets/WizardPolyArt/Animations using Guid(193950663e37d184da99c9e8c1bbff55) Importer(2089858483,0ecaa5967403d082aa24f35e1b516d23) Generated GUIDs only implemented for interfaces!
 -> (artifact id: '497b8980fbb5455ff8ecbd0bc73c52f4') in 0.007133 seconds
Number of updated asset objects reloaded before import = 0
Number of asset objects unloaded after import = 1
========================================================================
Received Import Request.
  Time since last request: 0.000088 seconds.
  path: Assets/WizardPolyArt/Animations/Die.fbx
  artifactKey: Guid(48511f3269ab33140ad32d856584c98a) Importer(2089858483,0ecaa5967403d082aa24f35e1b516d23)
Start importing Assets/WizardPolyArt/Animations/Die.fbx using Guid(48511f3269ab33140ad32d856584c98a) Importer(2089858483,0ecaa5967403d082aa24f35e1b516d23) Generated GUIDs only implemented for interfaces!
 -> (artifact id: 'd5b88d8caff52623000e8cf6dc43318f') in 0.035816 seconds
Number of updated asset objects reloaded before import = 0
Number of asset objects unloaded after import = 143
========================================================================
Received Import Request.
  Time since last request: 0.000014 seconds.
  path: Assets/WizardPolyArt/Animations/DieRecovery.fbx
  artifactKey: Guid(6cece5862609d2446a5ba4c9cc2d8b08) Importer(2089858483,0ecaa5967403d082aa24f35e1b516d23)
Start importing Assets/WizardPolyArt/Animations/DieRecovery.fbx using Guid(6cece5862609d2446a5ba4c9cc2d8b08) Importer(2089858483,0ecaa5967403d082aa24f35e1b516d23) Generated GUIDs only implemented for interfaces!
 -> (artifact id: 'e0875038ab65f32544111930f88e3c61') in 0.034381 seconds
Number of updated asset objects reloaded before import = 0
Number of asset objects unloaded after import = 143
========================================================================
Received Import Request.
  Time since last request: 0.000013 seconds.
  path: Assets/WizardPolyArt/Animations/Attack03Maintain.fbx
  artifactKey: Guid(84360086255e9b24eb56fb310a84754e) Importer(2089858483,0ecaa5967403d082aa24f35e1b516d23)
Start importing Assets/WizardPolyArt/Animations/Attack03Maintain.fbx using Guid(84360086255e9b24eb56fb310a84754e) Importer(2089858483,0ecaa5967403d082aa24f35e1b516d23) Generated GUIDs only implemented for interfaces!
 -> (artifact id: 'fec55f05173117b53b48d5637ba965eb') in 0.043757 seconds
Number of updated asset objects reloaded before import = 0
Number of asset objects unloaded after import = 143
========================================================================
Received Import Request.
  Time since last request: 0.000013 seconds.
  path: Assets/WizardPolyArt/Textures/ForPBRMaskTintShader/PolyArtMask.png
  artifactKey: Guid(c47c9719298650c47a7f2042127ff9d8) Importer(2089858483,0ecaa5967403d082aa24f35e1b516d23)
Start importing Assets/WizardPolyArt/Textures/ForPBRMaskTintShader/PolyArtMask.png using Guid(c47c9719298650c47a7f2042127ff9d8) Importer(2089858483,0ecaa5967403d082aa24f35e1b516d23) Generated GUIDs only implemented for interfaces!
 -> (artifact id: 'f81c2b10156fddbf1d90afb900c33ac4') in 0.039214 seconds
Number of updated asset objects reloaded before import = 0
Number of asset objects unloaded after import = 1
========================================================================
Received Import Request.
  Time since last request: 0.000012 seconds.
  path: Assets/WizardPolyArt/Animations/Attack01.fbx
  artifactKey: Guid(3f2f5660b185f02479d526fb256acbe4) Importer(2089858483,0ecaa5967403d082aa24f35e1b516d23)
Start importing Assets/WizardPolyArt/Animations/Attack01.fbx using Guid(3f2f5660b185f02479d526fb256acbe4) Importer(2089858483,0ecaa5967403d082aa24f35e1b516d23) Generated GUIDs only implemented for interfaces!
 -> (artifact id: 'd64e195b6aa93039fe6e57d4e2ce0efa') in 0.036281 seconds
Number of updated asset objects reloaded before import = 0
Number of asset objects unloaded after import = 143
========================================================================
Received Import Request.
  Time since last request: 0.000014 seconds.
  path: Assets/WizardPolyArt/Textures/ForStandardShader/polyArtTex.png
  artifactKey: Guid(367fb8c3e96202542b61122c3b392cc6) Importer(2089858483,0ecaa5967403d082aa24f35e1b516d23)
Start importing Assets/WizardPolyArt/Textures/ForStandardShader/polyArtTex.png using Guid(367fb8c3e96202542b61122c3b392cc6) Importer(2089858483,0ecaa5967403d082aa24f35e1b516d23) Generated GUIDs only implemented for interfaces!
 -> (artifact id: '98185f110cb6412aeed93487e8c1f6bb') in 0.017916 seconds
Number of updated asset objects reloaded before import = 0
Number of asset objects unloaded after import = 1
========================================================================
Received Import Request.
  Time since last request: 0.000023 seconds.
  path: Assets/WizardPolyArt/Prefabs/Staff02Polyart.prefab
  artifactKey: Guid(e55280988a6fa1843a32025141146c2a) Importer(2089858483,0ecaa5967403d082aa24f35e1b516d23)
Start importing Assets/WizardPolyArt/Prefabs/Staff02Polyart.prefab using Guid(e55280988a6fa1843a32025141146c2a) Importer(2089858483,0ecaa5967403d082aa24f35e1b516d23) Generated GUIDs only implemented for interfaces!
 -> (artifact id: '8ae67cdb260be43f17158e59b6254fb6') in 0.012269 seconds
Number of updated asset objects reloaded before import = 0
Number of asset objects unloaded after import = 7
========================================================================
Received Import Request.
  Time since last request: 0.000016 seconds.
  path: Assets/WizardPolyArt/Mesh/PolyArtWizardMesh.fbx
  artifactKey: Guid(bed7a092d53e7c748bd65db98cebf9d6) Importer(2089858483,0ecaa5967403d082aa24f35e1b516d23)
Start importing Assets/WizardPolyArt/Mesh/PolyArtWizardMesh.fbx using Guid(bed7a092d53e7c748bd65db98cebf9d6) Importer(2089858483,0ecaa5967403d082aa24f35e1b516d23) Generated GUIDs only implemented for interfaces!
 -> (artifact id: '95bbd884ee6b5761033bcb0dcda5c359') in 0.024153 seconds
Number of updated asset objects reloaded before import = 0
Number of asset objects unloaded after import = 142
========================================================================
Received Import Request.
  Time since last request: 0.000012 seconds.
  path: Assets/WizardPolyArt/Mesh/Staff01PolyArt.fbx
  artifactKey: Guid(199d5221dad59a74aa0d8d47e83e6e03) Importer(2089858483,0ecaa5967403d082aa24f35e1b516d23)
Start importing Assets/WizardPolyArt/Mesh/Staff01PolyArt.fbx using Guid(199d5221dad59a74aa0d8d47e83e6e03) Importer(2089858483,0ecaa5967403d082aa24f35e1b516d23) Generated GUIDs only implemented for interfaces!
 -> (artifact id: 'fec6c0a08d18cb55532e894cf4dc9a81') in 0.015145 seconds
Number of updated asset objects reloaded before import = 0
Number of asset objects unloaded after import = 7
========================================================================
Received Import Request.
  Time since last request: 0.000015 seconds.
  path: Assets/WizardPolyArt/Animations/Attack04.fbx
  artifactKey: Guid(8692461656b17c84981f4c64c15341fc) Importer(2089858483,0ecaa5967403d082aa24f35e1b516d23)
Start importing Assets/WizardPolyArt/Animations/Attack04.fbx using Guid(8692461656b17c84981f4c64c15341fc) Importer(2089858483,0ecaa5967403d082aa24f35e1b516d23) Generated GUIDs only implemented for interfaces!
 -> (artifact id: '524b9fcfcc08a9e34a18e16db2141385') in 0.038156 seconds
Number of updated asset objects reloaded before import = 0
Number of asset objects unloaded after import = 143
========================================================================
Received Import Request.
  Time since last request: 0.000013 seconds.
  path: Assets/WizardPolyArt/Prefabs/PolyArtWizardMaskTintMat.prefab
  artifactKey: Guid(dbf7a0c9d76b77a40af3104feac0641d) Importer(2089858483,0ecaa5967403d082aa24f35e1b516d23)
Start importing Assets/WizardPolyArt/Prefabs/PolyArtWizardMaskTintMat.prefab using Guid(dbf7a0c9d76b77a40af3104feac0641d) Importer(2089858483,0ecaa5967403d082aa24f35e1b516d23) Generated GUIDs only implemented for interfaces!
 -> (artifact id: '5ea1c30b4ccce9f42b34bb7ff78959fc') in 0.030615 seconds
Number of updated asset objects reloaded before import = 0
Number of asset objects unloaded after import = 267
========================================================================
Received Import Request.
  Time since last request: 0.000016 seconds.
  path: Assets/WizardPolyArt/Animations/DefendHit.fbx
  artifactKey: Guid(e7da2deb9071c004cb067139c9064ae4) Importer(2089858483,0ecaa5967403d082aa24f35e1b516d23)
Start importing Assets/WizardPolyArt/Animations/DefendHit.fbx using Guid(e7da2deb9071c004cb067139c9064ae4) Importer(2089858483,0ecaa5967403d082aa24f35e1b516d23) Generated GUIDs only implemented for interfaces!
 -> (artifact id: '7e63021a550fec2a1746b42d76fd457e') in 0.037314 seconds
Number of updated asset objects reloaded before import = 0
Number of asset objects unloaded after import = 143
========================================================================
Received Import Request.
  Time since last request: 0.000014 seconds.
  path: Assets/WizardPolyArt/SRP
  artifactKey: Guid(d78a80de02fae3e449542f72618ce43a) Importer(2089858483,0ecaa5967403d082aa24f35e1b516d23)
Start importing Assets/WizardPolyArt/SRP using Guid(d78a80de02fae3e449542f72618ce43a) Importer(2089858483,0ecaa5967403d082aa24f35e1b516d23) Generated GUIDs only implemented for interfaces!
 -> (artifact id: 'ca14968c410a45fdd0169e8dc7947101') in 0.008446 seconds
Number of updated asset objects reloaded before import = 0
Number of asset objects unloaded after import = 1
========================================================================
Received Import Request.
  Time since last request: 0.000017 seconds.
  path: Assets/WizardPolyArt/Prefabs/Staff03PolyArt.prefab
  artifactKey: Guid(c413fed5af1bfe847af0ed883ee868db) Importer(2089858483,0ecaa5967403d082aa24f35e1b516d23)
Start importing Assets/WizardPolyArt/Prefabs/Staff03PolyArt.prefab using Guid(c413fed5af1bfe847af0ed883ee868db) Importer(2089858483,0ecaa5967403d082aa24f35e1b516d23) Generated GUIDs only implemented for interfaces!
 -> (artifact id: '6b50afa8b74199e463f99d2bf81139f2') in 0.011168 seconds
Number of updated asset objects reloaded before import = 0
Number of asset objects unloaded after import = 7
========================================================================
Received Import Request.
  Time since last request: 0.000022 seconds.
  path: Assets/WizardPolyArt/Animations/JumpUp.fbx
  artifactKey: Guid(d84eaa1354c31fa49a71e96cc487d56f) Importer(2089858483,0ecaa5967403d082aa24f35e1b516d23)
Start importing Assets/WizardPolyArt/Animations/JumpUp.fbx using Guid(d84eaa1354c31fa49a71e96cc487d56f) Importer(2089858483,0ecaa5967403d082aa24f35e1b516d23) Generated GUIDs only implemented for interfaces!
 -> (artifact id: '73487a1bc1b3fa2fb74732f7120fe1e3') in 0.052401 seconds
Number of updated asset objects reloaded before import = 0
Number of asset objects unloaded after import = 143
========================================================================
Received Import Request.
  Time since last request: 0.000013 seconds.
  path: Assets/WizardPolyArt/SRP/HDRP_PA.zip
  artifactKey: Guid(918b3b06e15e1f74aab160dfc26f9678) Importer(2089858483,0ecaa5967403d082aa24f35e1b516d23)
Start importing Assets/WizardPolyArt/SRP/HDRP_PA.zip using Guid(918b3b06e15e1f74aab160dfc26f9678) Importer(2089858483,0ecaa5967403d082aa24f35e1b516d23) Generated GUIDs only implemented for interfaces!
 -> (artifact id: '8b451199a2a19c35f04edd3a3b0a058a') in 0.009156 seconds
Number of updated asset objects reloaded before import = 0
Number of asset objects unloaded after import = 1
========================================================================
Received Import Request.
  Time since last request: 0.000016 seconds.
  path: Assets/WizardPolyArt/Animations/BattleWalkBack.fbx
  artifactKey: Guid(61d53a1bd108efb4a8f50f729e2b15bb) Importer(2089858483,0ecaa5967403d082aa24f35e1b516d23)
Start importing Assets/WizardPolyArt/Animations/BattleWalkBack.fbx using Guid(61d53a1bd108efb4a8f50f729e2b15bb) Importer(2089858483,0ecaa5967403d082aa24f35e1b516d23) Generated GUIDs only implemented for interfaces!
 -> (artifact id: '16c73f8d03350f25f989309ba524dd8b') in 0.033239 seconds
Number of updated asset objects reloaded before import = 0
Number of asset objects unloaded after import = 143
========================================================================
Received Import Request.
  Time since last request: 0.000014 seconds.
  path: Assets/WizardPolyArt/Animations/PotionDrink.fbx
  artifactKey: Guid(e5325ecccbec8e94f957227cd2b72fca) Importer(2089858483,0ecaa5967403d082aa24f35e1b516d23)
Start importing Assets/WizardPolyArt/Animations/PotionDrink.fbx using Guid(e5325ecccbec8e94f957227cd2b72fca) Importer(2089858483,0ecaa5967403d082aa24f35e1b516d23) Generated GUIDs only implemented for interfaces!
 -> (artifact id: '5a4f81478d322dbb68926cd6c8f9dab7') in 0.035676 seconds
Number of updated asset objects reloaded before import = 0
Number of asset objects unloaded after import = 143
========================================================================
Received Import Request.
  Time since last request: 0.000015 seconds.
  path: Assets/WizardPolyArt/Mesh
  artifactKey: Guid(e7f255dd32b819c4c85b13b3ff796faa) Importer(2089858483,0ecaa5967403d082aa24f35e1b516d23)
Start importing Assets/WizardPolyArt/Mesh using Guid(e7f255dd32b819c4c85b13b3ff796faa) Importer(2089858483,0ecaa5967403d082aa24f35e1b516d23) Generated GUIDs only implemented for interfaces!
 -> (artifact id: '1bb6689ee62fa7e403878a36bcafb6f1') in 0.007603 seconds
Number of updated asset objects reloaded before import = 0
Number of asset objects unloaded after import = 1
========================================================================
Received Import Request.
  Time since last request: 0.000016 seconds.
  path: Assets/WizardPolyArt/Animations/VictoryStart.fbx
  artifactKey: Guid(308b48c15b0fc8d4a83d4703f4dbeb3f) Importer(2089858483,0ecaa5967403d082aa24f35e1b516d23)
Start importing Assets/WizardPolyArt/Animations/VictoryStart.fbx using Guid(308b48c15b0fc8d4a83d4703f4dbeb3f) Importer(2089858483,0ecaa5967403d082aa24f35e1b516d23) Generated GUIDs only implemented for interfaces!
 -> (artifact id: 'dd521f8dde2368b359986fc8808f16d7') in 0.036944 seconds
Number of updated asset objects reloaded before import = 0
Number of asset objects unloaded after import = 143
========================================================================
Received Import Request.
  Time since last request: 0.000013 seconds.
  path: Assets/WizardPolyArt/Scene/WizardScene.unity
  artifactKey: Guid(1bf912b9f8baab0489fd62f6c317e8a1) Importer(2089858483,0ecaa5967403d082aa24f35e1b516d23)
Start importing Assets/WizardPolyArt/Scene/WizardScene.unity using Guid(1bf912b9f8baab0489fd62f6c317e8a1) Importer(2089858483,0ecaa5967403d082aa24f35e1b516d23) Generated GUIDs only implemented for interfaces!
 -> (artifact id: '4687c2b15a5758ec3c974bf407a61500') in 0.007309 seconds
Number of updated asset objects reloaded before import = 0
Number of asset objects unloaded after import = 1
========================================================================
Received Import Request.
  Time since last request: 0.000018 seconds.
  path: Assets/WizardPolyArt/Mesh/Staff03PolyArt.fbx
  artifactKey: Guid(4568399afa0fdc64bb50a337c6acb100) Importer(2089858483,0ecaa5967403d082aa24f35e1b516d23)
Start importing Assets/WizardPolyArt/Mesh/Staff03PolyArt.fbx using Guid(4568399afa0fdc64bb50a337c6acb100) Importer(2089858483,0ecaa5967403d082aa24f35e1b516d23) Generated GUIDs only implemented for interfaces!
 -> (artifact id: '1caed0afcae53f8c061508030d4e0af6') in 0.014417 seconds
Number of updated asset objects reloaded before import = 0
Number of asset objects unloaded after import = 7
========================================================================
Received Import Request.
  Time since last request: 0.000019 seconds.
  path: Assets/WizardPolyArt/Prefabs/PolyArtWizardStandardMat.prefab
  artifactKey: Guid(ccd8c3b89aa02e943a08ab9238a8a70c) Importer(2089858483,0ecaa5967403d082aa24f35e1b516d23)
Start importing Assets/WizardPolyArt/Prefabs/PolyArtWizardStandardMat.prefab using Guid(ccd8c3b89aa02e943a08ab9238a8a70c) Importer(2089858483,0ecaa5967403d082aa24f35e1b516d23) Generated GUIDs only implemented for interfaces!
 -> (artifact id: 'd4064382671bdecb21694effce9f3b00') in 0.030879 seconds
Number of updated asset objects reloaded before import = 0
Number of asset objects unloaded after import = 267
========================================================================
Received Import Request.
  Time since last request: 0.000016 seconds.
  path: Assets/WizardPolyArt/Animations/DefendMaintain.fbx
  artifactKey: Guid(c4b5c0e66f5602c4d9d0a70261bca170) Importer(2089858483,0ecaa5967403d082aa24f35e1b516d23)
Start importing Assets/WizardPolyArt/Animations/DefendMaintain.fbx using Guid(c4b5c0e66f5602c4d9d0a70261bca170) Importer(2089858483,0ecaa5967403d082aa24f35e1b516d23) Generated GUIDs only implemented for interfaces!
 -> (artifact id: '0a5e22a5de8fb3f28a452db9ce77454c') in 0.034948 seconds
Number of updated asset objects reloaded before import = 0
Number of asset objects unloaded after import = 143
Editor requested this worker to shutdown with reason: Scaling down because of idle timeout
TcpMessagingSession - receive error: operation aborted. errorcode: 995, details: The I/O operation has been aborted because of either a thread exit or an application request.
AssetImportWorker is now disconnected from the server
Process exiting
Exiting without the bug reporter. Application will terminate with return code 0